  first_app.cpp
C:\Users\cornflower\Desktop\mvs\2\Project2\Vulkan-2D-Engine-For-KeepSolid\Project2\first_app.cpp(34,21): warning C4018: '<': signed/unsigned mismatch
C:\Users\cornflower\Desktop\mvs\2\Project2\Vulkan-2D-Engine-For-KeepSolid\Project2\first_app.cpp(41,21): warning C4018: '<': signed/unsigned mismatch
C:\Users\cornflower\Desktop\mvs\2\Project2\Vulkan-2D-Engine-For-KeepSolid\Project2\first_app.cpp(99,39): warning C4305: 'argument': truncation from 'double' to 'float'
  first_app.hpp
  main.cpp
  physics_and_field.cpp
C:\Users\cornflower\Desktop\mvs\2\Project2\Vulkan-2D-Engine-For-KeepSolid\Project2\physics_and_field.cpp(1,10): warning C4067: unexpected tokens following preprocessor directive - expected a newline
C:\Users\cornflower\Desktop\mvs\2\Project2\Vulkan-2D-Engine-For-KeepSolid\Project2\physics_and_field.cpp(18,21): warning C4018: '<': signed/unsigned mismatch
  simple_render_system.cpp
  vefp_device.cpp
  vefp_model.cpp
  vefp_pipeline.cpp
  vefp_renderer.cpp
  vefp_swap_chain.cpp
  vefp_window.cpp
  Generating Code...
x64\Debug\first_app.obj : warning LNK4042: object specified more than once; extras ignored
LINK : warning LNK4098: defaultlib 'MSVCRT' conflicts with use of other libs; use /NODEFAULTLIB:library
  Project2.vcxproj -> C:\Users\cornflower\Desktop\mvs\2\Project2\Vulkan-2D-Engine-For-KeepSolid\x64\Debug\Project2.exe
